0 info it worked if it ends with ok
1 verbose cli [ 'node', '/usr/local/bin/npm', 'search', 'supportkit-js' ]
2 info using npm@2.10.1
3 info using node@v0.12.4
4 silly mapToRegistry name -/all
5 silly mapToRegistry using default registry
6 silly mapToRegistry registry https://registry.npmjs.org/
7 silly mapToRegistry uri https://registry.npmjs.org/-/all
8 info updateIndex /Users/Dids/.npm/registry.npmjs.org/-/all/.cache.json
9 verbose updateIndex Cached search data present with timestamp 1436596757559
10 silly update-index fetching https://registry.npmjs.org/-/all/since?stale=update_after&startkey=1436596757559
11 verbose request uri https://registry.npmjs.org/-/all/since?stale=update_after&startkey=1436596757559
12 verbose request no auth needed
13 info attempt registry request try #1 at 10:27:47
14 verbose request using bearer token for auth
15 verbose request id 4ff97daef5aae892
16 http request GET https://registry.npmjs.org/-/all/since?stale=update_after&startkey=1436596757559
17 http 503 https://registry.npmjs.org/-/all/since?stale=update_after&startkey=1436596757559
18 verbose bad json <?xml version="1.0" encoding="utf-8"?>
18 verbose bad json <!DOCTYPE html PUBLIC "-//W3C//DTD XHTML 1.0 Strict//EN"
18 verbose bad json  "http://www.w3.org/TR/xhtml1/DTD/xhtml1-strict.dtd">
18 verbose bad json <html>
18 verbose bad json   <head>
18 verbose bad json     <title>503 backend read error</title>
18 verbose bad json   </head>
18 verbose bad json   <body>
18 verbose bad json     <h1>Error 503 backend read error</h1>
18 verbose bad json     <p>backend read error</p>
18 verbose bad json     <h3>Guru Mediation:</h3>
18 verbose bad json     <p>Details: cache-fra1247-FRA 1436599683 4063963150</p>
18 verbose bad json     <hr>
18 verbose bad json     <p>Varnish cache server</p>
18 verbose bad json   </body>
18 verbose bad json </html>
19 error registry error parsing json
20 info retry will retry, error on last attempt: SyntaxError: Unexpected token <
20 info retry
20 info retry <?xml version="1.0" encoding="utf-8"?>
20 info retry <!DOCTYPE html PUBLIC "-//W3C//DTD XHTML 1.0 Strict//EN"
20 info retry  "http://www.w3.org/TR/xhtml1/DTD/xhtml1-strict.dtd">
20 info retry <html>
20 info retry   <head>
20 info retry     <title>503 backend read error</title>
20 info retry   </head>
20 info retry   <body>
20 info retry     <h1>Error 503 backend read error</h1>
20 info retry     <p>backend read error</p>
20 info retry     <h3>Guru Mediation:</h3>
20 info retry     <p>Details: cache-fra1247-FRA 1436599683 4063963150</p>
20 info retry     <hr>
20 info retry     <p>Varnish cache server</p>
20 info retry   </body>
20 info retry </html>
21 info attempt registry request try #2 at 10:28:13
22 verbose request using bearer token for auth
23 http request GET https://registry.npmjs.org/-/all/since?stale=update_after&startkey=1436596757559
24 http 503 https://registry.npmjs.org/-/all/since?stale=update_after&startkey=1436596757559
25 verbose bad json <?xml version="1.0" encoding="utf-8"?>
25 verbose bad json <!DOCTYPE html PUBLIC "-//W3C//DTD XHTML 1.0 Strict//EN"
25 verbose bad json  "http://www.w3.org/TR/xhtml1/DTD/xhtml1-strict.dtd">
25 verbose bad json <html>
25 verbose bad json   <head>
25 verbose bad json     <title>503 backend read error</title>
25 verbose bad json   </head>
25 verbose bad json   <body>
25 verbose bad json     <h1>Error 503 backend read error</h1>
25 verbose bad json     <p>backend read error</p>
25 verbose bad json     <h3>Guru Mediation:</h3>
25 verbose bad json     <p>Details: cache-fra1231-FRA 1436599708 190788144</p>
25 verbose bad json     <hr>
25 verbose bad json     <p>Varnish cache server</p>
25 verbose bad json   </body>
25 verbose bad json </html>
26 error registry error parsing json
27 info retry will retry, error on last attempt: SyntaxError: Unexpected token <
27 info retry
27 info retry <?xml version="1.0" encoding="utf-8"?>
27 info retry <!DOCTYPE html PUBLIC "-//W3C//DTD XHTML 1.0 Strict//EN"
27 info retry  "http://www.w3.org/TR/xhtml1/DTD/xhtml1-strict.dtd">
27 info retry <html>
27 info retry   <head>
27 info retry     <title>503 backend read error</title>
27 info retry   </head>
27 info retry   <body>
27 info retry     <h1>Error 503 backend read error</h1>
27 info retry     <p>backend read error</p>
27 info retry     <h3>Guru Mediation:</h3>
27 info retry     <p>Details: cache-fra1231-FRA 1436599708 190788144</p>
27 info retry     <hr>
27 info retry     <p>Varnish cache server</p>
27 info retry   </body>
27 info retry </html>
28 info attempt registry request try #3 at 10:29:28
29 verbose request using bearer token for auth
30 http request GET https://registry.npmjs.org/-/all/since?stale=update_after&startkey=1436596757559
31 http 503 https://registry.npmjs.org/-/all/since?stale=update_after&startkey=1436596757559
32 verbose bad json <?xml version="1.0" encoding="utf-8"?>
32 verbose bad json <!DOCTYPE html PUBLIC "-//W3C//DTD XHTML 1.0 Strict//EN"
32 verbose bad json  "http://www.w3.org/TR/xhtml1/DTD/xhtml1-strict.dtd">
32 verbose bad json <html>
32 verbose bad json   <head>
32 verbose bad json     <title>503 backend read error</title>
32 verbose bad json   </head>
32 verbose bad json   <body>
32 verbose bad json     <h1>Error 503 backend read error</h1>
32 verbose bad json     <p>backend read error</p>
32 verbose bad json     <h3>Guru Mediation:</h3>
32 verbose bad json     <p>Details: cache-fra1220-FRA 1436599784 3083333861</p>
32 verbose bad json     <hr>
32 verbose bad json     <p>Varnish cache server</p>
32 verbose bad json   </body>
32 verbose bad json </html>
33 error registry error parsing json
34 verbose headers { server: 'Varnish',
34 verbose headers   'retry-after': '0',
34 verbose headers   'content-type': 'text/html; charset=utf-8',
34 verbose headers   'content-length': '448',
34 verbose headers   'accept-ranges': 'bytes',
34 verbose headers   date: 'Sat, 11 Jul 2015 07:29:44 GMT',
34 verbose headers   via: '1.1 varnish',
34 verbose headers   connection: 'close',
34 verbose headers   'x-served-by': 'cache-fra1220-FRA',
34 verbose headers   'x-cache': 'MISS',
34 verbose headers   'x-cache-hits': '0',
34 verbose headers   'x-timer': 'S1436599768.913481,VS0,VE15289' }
35 verbose stack SyntaxError: Unexpected token <
35 verbose stack
35 verbose stack <?xml version="1.0" encoding="utf-8"?>
35 verbose stack <!DOCTYPE html PUBLIC "-//W3C//DTD XHTML 1.0 Strict//EN"
35 verbose stack  "http://www.w3.org/TR/xhtml1/DTD/xhtml1-strict.dtd">
35 verbose stack <html>
35 verbose stack   <head>
35 verbose stack     <title>503 backend read error</title>
35 verbose stack   </head>
35 verbose stack   <body>
35 verbose stack     <h1>Error 503 backend read error</h1>
35 verbose stack     <p>backend read error</p>
35 verbose stack     <h3>Guru Mediation:</h3>
35 verbose stack     <p>Details: cache-fra1220-FRA 1436599784 3083333861</p>
35 verbose stack     <hr>
35 verbose stack     <p>Varnish cache server</p>
35 verbose stack   </body>
35 verbose stack </html>
35 verbose stack
35 verbose stack     at Object.parse (native)
35 verbose stack     at CachingRegistryClient.<anonymous> (/usr/local/lib/node_modules/npm/node_modules/npm-registry-client/lib/request.js:197:23)
35 verbose stack     at Request._callback (/usr/local/lib/node_modules/npm/node_modules/npm-registry-client/lib/request.js:170:14)
35 verbose stack     at Request.self.callback (/usr/local/lib/node_modules/npm/node_modules/request/request.js:368:22)
35 verbose stack     at Request.emit (events.js:110:17)
35 verbose stack     at Request.<anonymous> (/usr/local/lib/node_modules/npm/node_modules/request/request.js:1219:14)
35 verbose stack     at Request.emit (events.js:129:20)
35 verbose stack     at IncomingMessage.<anonymous> (/usr/local/lib/node_modules/npm/node_modules/request/request.js:1167:12)
35 verbose stack     at IncomingMessage.emit (events.js:129:20)
35 verbose stack     at _stream_readable.js:908:16
36 verbose cwd /Users/Dids/Documents/Meteor/supportkit
37 error Darwin 14.4.0
38 error argv "node" "/usr/local/bin/npm" "search" "supportkit-js"
39 error node v0.12.4
40 error npm  v2.10.1
41 error Unexpected token <
41 error
41 error <?xml version="1.0" encoding="utf-8"?>
41 error <!DOCTYPE html PUBLIC "-//W3C//DTD XHTML 1.0 Strict//EN"
41 error  "http://www.w3.org/TR/xhtml1/DTD/xhtml1-strict.dtd">
41 error <html>
41 error   <head>
41 error     <title>503 backend read error</title>
41 error   </head>
41 error   <body>
41 error     <h1>Error 503 backend read error</h1>
41 error     <p>backend read error</p>
41 error     <h3>Guru Mediation:</h3>
41 error     <p>Details: cache-fra1220-FRA 1436599784 3083333861</p>
41 error     <hr>
41 error     <p>Varnish cache server</p>
41 error   </body>
41 error </html>
42 error If you need help, you may report this error at:
42 error     <https://github.com/npm/npm/issues>
43 verbose exit [ 1, true ]
